2023-11-09 20:06:16,038 [INFO] Activator:176 - 


2023-11-09 20:06:16,040 [INFO] Activator:177 - !SESSION log4j initialized
2023-11-09 20:06:17,574 [INFO] LogOutputStream:77 - [STDOUT_REDIRECT] 
2023-11-09 20:06:19,088 [INFO] ApplicationProperties:184 - Using Application install path: /opt/st/stm32cubeide_1.13.2/plugins/com.st.stm32cube.common.mx_6.9.2.202309101412
2023-11-09 20:06:19,102 [INFO] DbMcusXml:78 - Set database path to: /opt/st/stm32cubeide_1.13.2/plugins/com.st.stm32cube.common.mx_6.9.2.202309101412//db//mcu/
2023-11-09 20:06:19,102 [INFO] ApiDb:274 - Set plugin database path to: /opt/st/stm32cubeide_1.13.2/plugins/com.st.stm32cube.common.mx_6.9.2.202309101412//db//plugins/boardmanager/
2023-11-09 20:06:19,102 [WARN] ApiDb:259 - Overriding images path with different value:  => /opt/st/stm32cubeide_1.13.2/plugins/com.st.stm32cube.common.mx_6.9.2.202309101412//db//plugins/mcufinder/images/
2023-11-09 20:06:19,109 [INFO] ApiDb:250 - Set database path to: /home/arek/.stmcufinder/plugins/mcufinder//mcu/
2023-11-09 20:06:19,110 [INFO] DbMcusAds:125 - Set database path to: /home/arek/.stmcufinder/plugins/mcufinder//mcu/
2023-11-09 20:06:19,112 [INFO] CrossReferenceDbSqlite:203 - Set database path to: /home/arek/.stmcufinder/plugins/mcufinder//mcu/cs/
2023-11-09 20:06:19,198 [INFO] RulesReader:64 - Compatibility file has been processed (293 Rules)
2023-11-09 20:06:19,247 [INFO] DbMcusXml:78 - Set database path to: /opt/st/stm32cubeide_1.13.2/plugins/com.st.stm32cube.common.mx_6.9.2.202309101412//db//mcu/
2023-11-09 20:06:19,248 [INFO] ApiDb:274 - Set plugin database path to: /opt/st/stm32cubeide_1.13.2/plugins/com.st.stm32cube.common.mx_6.9.2.202309101412//db//plugins/boardmanager/
2023-11-09 20:06:19,248 [INFO] ApiDb:261 - Set plugin images path to: /opt/st/stm32cubeide_1.13.2/plugins/com.st.stm32cube.common.mx_6.9.2.202309101412//db//plugins/mcufinder/images/
2023-11-09 20:06:19,248 [WARN] DbFile:41 - Overriding database path with different value: /home/arek/.stmcufinder/plugins/mcufinder/ => /home/arek/.stmcufinder/plugins/mcufinder
2023-11-09 20:06:19,248 [INFO] ApiDb:250 - Set database path to: /home/arek/.stmcufinder/plugins/mcufinder//mcu/
2023-11-09 20:06:19,248 [WARN] DbFile:41 - Overriding database path with different value: /home/arek/.stmcufinder/plugins/mcufinder/ => /home/arek/.stmcufinder/plugins/mcufinder
2023-11-09 20:06:19,248 [INFO] DbMcusAds:125 - Set database path to: /home/arek/.stmcufinder/plugins/mcufinder//mcu/
2023-11-09 20:06:19,248 [WARN] DbFile:41 - Overriding database path with different value: /home/arek/.stmcufinder/plugins/mcufinder/ => /home/arek/.stmcufinder/plugins/mcufinder
2023-11-09 20:06:19,248 [WARN] DbFile:41 - Overriding database path with different value: /home/arek/.stmcufinder/plugins/mcufinder/ => /home/arek/.stmcufinder/plugins/mcufinder
2023-11-09 20:06:19,248 [INFO] CrossReferenceDbSqlite:203 - Set database path to: /home/arek/.stmcufinder/plugins/mcufinder//mcu/cs/
2023-11-09 20:06:19,305 [INFO] MainPanel:262 - HeapMemory: 268435456
2023-11-09 20:06:19,406 [INFO] DbMcusXml:78 - Set database path to: /opt/st/stm32cubeide_1.13.2/plugins/com.st.stm32cube.common.mx_6.9.2.202309101412//db//mcu/
2023-11-09 20:06:19,407 [INFO] ApiDb:274 - Set plugin database path to: /opt/st/stm32cubeide_1.13.2/plugins/com.st.stm32cube.common.mx_6.9.2.202309101412//db//plugins/boardmanager/
2023-11-09 20:06:19,407 [INFO] ApiDb:261 - Set plugin images path to: /opt/st/stm32cubeide_1.13.2/plugins/com.st.stm32cube.common.mx_6.9.2.202309101412//db//plugins/mcufinder/images/
2023-11-09 20:06:19,407 [WARN] DbFile:41 - Overriding database path with different value: /home/arek/.stmcufinder/plugins/mcufinder/ => /home/arek/.stmcufinder/plugins/mcufinder
2023-11-09 20:06:19,407 [INFO] ApiDb:250 - Set database path to: /home/arek/.stmcufinder/plugins/mcufinder//mcu/
2023-11-09 20:06:19,407 [WARN] DbFile:41 - Overriding database path with different value: /home/arek/.stmcufinder/plugins/mcufinder/ => /home/arek/.stmcufinder/plugins/mcufinder
2023-11-09 20:06:19,407 [INFO] DbMcusAds:125 - Set database path to: /home/arek/.stmcufinder/plugins/mcufinder//mcu/
2023-11-09 20:06:19,407 [WARN] DbFile:41 - Overriding database path with different value: /home/arek/.stmcufinder/plugins/mcufinder/ => /home/arek/.stmcufinder/plugins/mcufinder
2023-11-09 20:06:19,407 [WARN] DbFile:41 - Overriding database path with different value: /home/arek/.stmcufinder/plugins/mcufinder/ => /home/arek/.stmcufinder/plugins/mcufinder
2023-11-09 20:06:19,408 [INFO] CrossReferenceDbSqlite:203 - Set database path to: /home/arek/.stmcufinder/plugins/mcufinder//mcu/cs/
2023-11-09 20:06:19,419 [INFO] ApplicationProperties:184 - Using Application install path: /opt/st/stm32cubeide_1.13.2/plugins/com.st.stm32cube.common.mx_6.9.2.202309101412
2023-11-09 20:06:19,420 [INFO] PluginManage:196 - Search for loadable plugins [exclusion list=, ]
2023-11-09 20:06:19,421 [INFO] PluginManage:310 - Check plugin analytics
2023-11-09 20:06:19,532 [INFO] AnalyticsPlugin:253 - Accepted Software Licenses: 
2023-11-09 20:06:19,533 [INFO] AnalyticsPlugin:255 - Accepted CMSIS Pack Licenses: 
2023-11-09 20:06:19,533 [INFO] AnalyticsPlugin:257 - Accepted Firmware Licenses: FW.C0.1.1.0
2023-11-09 20:06:19,534 [INFO] PluginManage:359 - Loaded plugin analytics (category:tool,tabindex:-1)
2023-11-09 20:06:19,535 [INFO] PluginManage:310 - Check plugin cadmodel
2023-11-09 20:06:19,615 [INFO] CADModel:105 - Init CAD model plugin
2023-11-09 20:06:19,615 [INFO] PluginManage:359 - Loaded plugin cadmodel (category:power,tabindex:5)
2023-11-09 20:06:19,615 [INFO] PluginManage:310 - Check plugin clock
2023-11-09 20:06:19,623 [INFO] PluginManage:359 - Loaded plugin clock (category:base,tabindex:2)
2023-11-09 20:06:19,623 [INFO] PluginManage:310 - Check plugin ddr
2023-11-09 20:06:19,625 [INFO] PluginManage:359 - Loaded plugin ddr (category:tool,tabindex:6)
2023-11-09 20:06:19,626 [INFO] PluginManage:310 - Check plugin filemanager
2023-11-09 20:06:19,731 [INFO] PluginManage:359 - Loaded plugin filemanager (category:base,tabindex:10)
2023-11-09 20:06:19,732 [INFO] PluginManage:310 - Check plugin ipmanager
2023-11-09 20:06:19,736 [INFO] PluginManage:359 - Loaded plugin ipmanager (category:base,tabindex:5)
2023-11-09 20:06:19,736 [INFO] PluginManage:310 - Check plugin lpbam
2023-11-09 20:06:19,745 [INFO] PluginManage:359 - Loaded plugin lpbam (category:base,tabindex:0)
2023-11-09 20:06:19,745 [INFO] PluginManage:310 - Check plugin memorymap
2023-11-09 20:06:19,754 [INFO] PluginManage:359 - Loaded plugin memorymap (category:base,tabindex:4)
2023-11-09 20:06:19,755 [INFO] PluginManage:310 - Check plugin pinoutandconfiguration
2023-11-09 20:06:19,763 [INFO] PluginManage:359 - Loaded plugin pinoutandconfiguration (category:base,tabindex:1)
2023-11-09 20:06:19,763 [INFO] PluginManage:310 - Check plugin pinoutconfig
2023-11-09 20:06:19,826 [WARN] SupportedApi:132 - Cannot load RTOS API schema: s4s-elt-must-match.1: The content of 'definitions' must match (annotation?, (simpleType | complexType)?, (unique | key | keyref)*)). A problem was found starting at: attribute.
2023-11-09 20:06:19,983 [INFO] PluginManage:359 - Loaded plugin pinoutconfig (category:base,tabindex:0)
2023-11-09 20:06:19,983 [INFO] PluginManage:310 - Check plugin power
2023-11-09 20:06:19,999 [INFO] PluginManage:359 - Loaded plugin power (category:power,tabindex:4)
2023-11-09 20:06:20,000 [INFO] PluginManage:310 - Check plugin projectmanager
2023-11-09 20:06:20,009 [INFO] PluginManage:359 - Loaded plugin projectmanager (category:projectmanager,tabindex:3)
2023-11-09 20:06:20,010 [INFO] PluginManage:310 - Check plugin thirdparty
2023-11-09 20:06:20,102 [INFO] PluginManage:359 - Loaded plugin thirdparty (category:base,tabindex:-1)
2023-11-09 20:06:20,102 [WARN] IntegrityCheckThread:84 - waiting for thirdparty lock release [integrity check]
2023-11-09 20:06:20,103 [INFO] IntegrityCheckThread:86 - entering critical section [integrity check]
2023-11-09 20:06:20,103 [INFO] PluginManage:310 - Check plugin tools
2023-11-09 20:06:20,103 [INFO] ThirdPartyUpdaterWithRetryManager:70 - Updater plugin not ready yet. [1/15]
2023-11-09 20:06:20,104 [INFO] PluginManage:359 - Loaded plugin tools (category:base,tabindex:7)
2023-11-09 20:06:20,104 [INFO] PluginManage:310 - Check plugin tutovideos
2023-11-09 20:06:20,236 [INFO] PluginManage:359 - Loaded plugin tutovideos (category:base,tabindex:-1)
2023-11-09 20:06:20,237 [INFO] PluginManage:310 - Check plugin updater
2023-11-09 20:06:20,245 [INFO] PluginManage:359 - Loaded plugin updater (category:base,tabindex:12)
2023-11-09 20:06:20,245 [INFO] PluginManage:310 - Check plugin userauth
2023-11-09 20:06:20,248 [INFO] UserAuth:113 - Init User Auth plugin
2023-11-09 20:06:20,249 [INFO] PluginManage:359 - Loaded plugin userauth (category:base,tabindex:14)
2023-11-09 20:06:20,249 [INFO] PluginManage:283 - PluginManage : Loaded plugins [17]
2023-11-09 20:06:20,379 [INFO] PinOutPanel:1499 - setPackage(No Configuration,No Configuration)
2023-11-09 20:06:20,443 [INFO] CADModel:165 - CPN selected for project level
2023-11-09 20:06:20,443 [INFO] CADModel:114 - Register for checkConnection events
2023-11-09 20:06:20,451 [INFO] IPUIPlugin:80 - create IPUIPlugin
2023-11-09 20:06:20,451 [INFO] PluginManager:220 - loadIPPluginJar : add tracer_emb
2023-11-09 20:06:20,454 [INFO] IPUIPlugin:80 - create IPUIPlugin
2023-11-09 20:06:20,454 [INFO] PluginManager:220 - loadIPPluginJar : add aes
2023-11-09 20:06:20,459 [INFO] IPUIPlugin:80 - create IPUIPlugin
2023-11-09 20:06:20,460 [INFO] PluginManager:220 - loadIPPluginJar : add linkedlist
2023-11-09 20:06:20,465 [INFO] IPUIPlugin:80 - create IPUIPlugin
2023-11-09 20:06:20,465 [INFO] PluginManager:220 - loadIPPluginJar : add adc
2023-11-09 20:06:20,467 [INFO] IPUIPlugin:80 - create IPUIPlugin
2023-11-09 20:06:20,467 [INFO] PluginManager:220 - loadIPPluginJar : add hash
2023-11-09 20:06:20,468 [INFO] IPUIPlugin:80 - create IPUIPlugin
2023-11-09 20:06:20,469 [INFO] PluginManager:220 - loadIPPluginJar : add usbx
2023-11-09 20:06:20,471 [INFO] IPUIPlugin:80 - create IPUIPlugin
2023-11-09 20:06:20,471 [INFO] PluginManager:220 - loadIPPluginJar : add touchsensing
2023-11-09 20:06:20,474 [INFO] IPUIPlugin:80 - create IPUIPlugin
2023-11-09 20:06:20,474 [INFO] PluginManager:220 - loadIPPluginJar : add stm32_wpan
2023-11-09 20:06:20,475 [INFO] IPUIPlugin:80 - create IPUIPlugin
2023-11-09 20:06:20,476 [INFO] PluginManager:220 - loadIPPluginJar : add tsc
2023-11-09 20:06:20,477 [INFO] IPUIPlugin:80 - create IPUIPlugin
2023-11-09 20:06:20,477 [INFO] PluginManager:220 - loadIPPluginJar : add gfxmmu
2023-11-09 20:06:20,482 [INFO] IPUIPlugin:80 - create IPUIPlugin
2023-11-09 20:06:20,482 [INFO] PluginManager:220 - loadIPPluginJar : add mdma
2023-11-09 20:06:20,484 [INFO] IPUIPlugin:80 - create IPUIPlugin
2023-11-09 20:06:20,484 [INFO] PluginManager:220 - loadIPPluginJar : add openamp
2023-11-09 20:06:20,486 [INFO] IPUIPlugin:80 - create IPUIPlugin
2023-11-09 20:06:20,486 [INFO] PluginManager:220 - loadIPPluginJar : add ipddr
2023-11-09 20:06:20,488 [INFO] IPUIPlugin:80 - create IPUIPlugin
2023-11-09 20:06:20,488 [INFO] PluginManager:220 - loadIPPluginJar : add spi
2023-11-09 20:06:20,490 [INFO] IPUIPlugin:80 - create IPUIPlugin
2023-11-09 20:06:20,490 [INFO] PluginManager:220 - loadIPPluginJar : add sai
2023-11-09 20:06:20,494 [INFO] IPUIPlugin:80 - create IPUIPlugin
2023-11-09 20:06:20,494 [INFO] PluginManager:220 - loadIPPluginJar : add fmc
2023-11-09 20:06:20,495 [INFO] IPUIPlugin:80 - create IPUIPlugin
2023-11-09 20:06:20,495 [INFO] PluginManager:220 - loadIPPluginJar : add cryp
2023-11-09 20:06:20,497 [INFO] IPUIPlugin:80 - create IPUIPlugin
2023-11-09 20:06:20,498 [INFO] PluginManager:220 - loadIPPluginJar : add opamp
2023-11-09 20:06:20,499 [INFO] IPUIPlugin:80 - create IPUIPlugin
2023-11-09 20:06:20,499 [INFO] PluginManager:220 - loadIPPluginJar : add dfsdm
2023-11-09 20:06:20,501 [INFO] IPUIPlugin:80 - create IPUIPlugin
2023-11-09 20:06:20,501 [INFO] PluginManager:220 - loadIPPluginJar : add i3c
2023-11-09 20:06:20,503 [INFO] IPUIPlugin:80 - create IPUIPlugin
2023-11-09 20:06:20,503 [INFO] PluginManager:220 - loadIPPluginJar : add i2c
2023-11-09 20:06:20,504 [INFO] IPUIPlugin:80 - create IPUIPlugin
2023-11-09 20:06:20,504 [INFO] PluginManager:220 - loadIPPluginJar : add comp
2023-11-09 20:06:20,509 [INFO] IPUIPlugin:80 - create IPUIPlugin
2023-11-09 20:06:20,511 [INFO] PluginManager:220 - loadIPPluginJar : add plateformsettings
2023-11-09 20:06:20,512 [INFO] IPUIPlugin:80 - create IPUIPlugin
2023-11-09 20:06:20,513 [INFO] PluginManager:220 - loadIPPluginJar : add pdm2pcm
2023-11-09 20:06:20,514 [INFO] IPUIPlugin:80 - create IPUIPlugin
2023-11-09 20:06:20,514 [INFO] PluginManager:220 - loadIPPluginJar : add ltdc
2023-11-09 20:06:20,517 [INFO] IPUIPlugin:80 - create IPUIPlugin
2023-11-09 20:06:20,518 [INFO] PluginManager:220 - loadIPPluginJar : add gpio
2023-11-09 20:06:20,519 [INFO] IPUIPlugin:80 - create IPUIPlugin
2023-11-09 20:06:20,520 [INFO] PluginManager:220 - loadIPPluginJar : add dma3
2023-11-09 20:06:20,521 [INFO] IPUIPlugin:80 - create IPUIPlugin
2023-11-09 20:06:20,521 [INFO] PluginManager:220 - loadIPPluginJar : add i2s
2023-11-09 20:06:20,525 [INFO] IPUIPlugin:80 - create IPUIPlugin
2023-11-09 20:06:20,525 [INFO] PluginManager:220 - loadIPPluginJar : add gic
2023-11-09 20:06:20,527 [INFO] IPUIPlugin:80 - create IPUIPlugin
2023-11-09 20:06:20,527 [INFO] PluginManager:220 - loadIPPluginJar : add genericplugin
2023-11-09 20:06:20,529 [INFO] IPUIPlugin:80 - create IPUIPlugin
2023-11-09 20:06:20,530 [INFO] PluginManager:220 - loadIPPluginJar : add nvic
2023-11-09 20:06:20,531 [INFO] IPUIPlugin:80 - create IPUIPlugin
2023-11-09 20:06:20,532 [INFO] PluginManager:220 - loadIPPluginJar : add ucpd
2023-11-09 20:06:20,535 [INFO] IPUIPlugin:80 - create IPUIPlugin
2023-11-09 20:06:20,535 [INFO] PluginManager:220 - loadIPPluginJar : add resmgrutility
2023-11-09 20:06:20,536 [INFO] IPUIPlugin:80 - create IPUIPlugin
2023-11-09 20:06:20,536 [INFO] PluginManager:220 - loadIPPluginJar : add quadspi
2023-11-09 20:06:20,537 [INFO] IPUIPlugin:80 - create IPUIPlugin
2023-11-09 20:06:20,538 [INFO] PluginManager:220 - loadIPPluginJar : add fatfs
2023-11-09 20:06:20,539 [INFO] IPUIPlugin:80 - create IPUIPlugin
2023-11-09 20:06:20,539 [INFO] PluginManager:220 - loadIPPluginJar : add ts
2023-11-09 20:06:20,540 [INFO] IPUIPlugin:80 - create IPUIPlugin
2023-11-09 20:06:20,540 [INFO] PluginManager:220 - loadIPPluginJar : add tim
2023-11-09 20:06:20,542 [INFO] IPUIPlugin:80 - create IPUIPlugin
2023-11-09 20:06:20,542 [INFO] PluginManager:220 - loadIPPluginJar : add lorawan
2023-11-09 20:06:20,544 [INFO] IPUIPlugin:80 - create IPUIPlugin
2023-11-09 20:06:20,544 [INFO] PluginManager:220 - loadIPPluginJar : add gtzc
2023-11-09 20:06:20,548 [INFO] IPUIPlugin:80 - create IPUIPlugin
2023-11-09 20:06:20,549 [INFO] PluginManager:220 - loadIPPluginJar : add dma
2023-11-09 20:06:20,550 [INFO] IPUIPlugin:80 - create IPUIPlugin
2023-11-09 20:06:20,550 [INFO] PluginManager:220 - loadIPPluginJar : add can
2023-11-09 20:06:20,554 [INFO] IPUIPlugin:80 - create IPUIPlugin
2023-11-09 20:06:20,554 [INFO] PluginManager:220 - loadIPPluginJar : add freertos
2023-11-09 20:06:20,556 [INFO] IPUIPlugin:80 - create IPUIPlugin
2023-11-09 20:06:20,556 [INFO] PluginManager:220 - loadIPPluginJar : add usart
2023-11-09 20:06:20,647 [INFO] CADModel:165 - CPN selected for project level
2023-11-09 20:06:20,647 [INFO] CADModel:114 - Register for checkConnection events
2023-11-09 20:06:20,648 [FATAL] Updater:308 - Updater called before beeing initialized
2023-11-09 20:06:20,648 [ERROR] CADModel:125 - Updater not yet initialized, retry later 
2023-11-09 20:06:20,745 [INFO] CADModel:165 - CPN selected for project level
2023-11-09 20:06:20,745 [INFO] CADModel:114 - Register for checkConnection events
2023-11-09 20:06:20,745 [FATAL] Updater:308 - Updater called before beeing initialized
2023-11-09 20:06:20,745 [ERROR] CADModel:125 - Updater not yet initialized, retry later 
2023-11-09 20:06:20,748 [FATAL] Updater:308 - Updater called before beeing initialized
2023-11-09 20:06:20,799 [FATAL] Updater:308 - Updater called before beeing initialized
2023-11-09 20:06:20,804 [INFO] DbMcusAds:53 - JSON generation date=Tue Mar 07 09:50:54 CET 2023 (1678179054945)
2023-11-09 20:06:20,804 [FATAL] Updater:308 - Updater called before beeing initialized
2023-11-09 20:06:20,830 [WARN] DetailPanel:346 - Failed to get advertising image, set to default
2023-11-09 20:06:20,902 [FATAL] Updater:308 - Updater called before beeing initialized
2023-11-09 20:06:20,904 [FATAL] Updater:308 - Updater called before beeing initialized
2023-11-09 20:06:20,904 [FATAL] Updater:308 - Updater called before beeing initialized
2023-11-09 20:06:20,904 [WARN] DetailPanel:346 - Failed to get advertising image, set to default
2023-11-09 20:06:20,904 [FATAL] Updater:308 - Updater called before beeing initialized
2023-11-09 20:06:20,928 [ERROR] Updater:1120 - MainUpdater not yet initialized. External WinMGr cannot be set.
2023-11-09 20:06:20,929 [INFO] Updater:1056 - Updater Version found : 6.9.2
2023-11-09 20:06:20,944 [INFO] ApplicationProperties:184 - Using Application install path: /opt/st/stm32cubeide_1.13.2/plugins/com.st.stm32cube.common.mx_6.9.2.202309101412
2023-11-09 20:06:21,048 [INFO] MainUpdater:2868 - connection check result : 10
2023-11-09 20:06:21,048 [INFO] MainUpdater:3562 - Updater definition file requires update
2023-11-09 20:06:21,049 [INFO] MainUpdater:285 - Updater Check For Update Now.
2023-11-09 20:06:21,049 [INFO] MicroXplorer:498 - Change Database Version : DB.6.0.92
2023-11-09 20:06:21,052 [INFO] McuFinderGlobals:63 - Set McuFinder mode to 2 (CubeIDE integrated)
2023-11-09 20:06:21,052 [INFO] UserAuth:179 - activating auth plugin
2023-11-09 20:06:21,054 [INFO] UserAuth:393 - Internet connection configuration mode: 1
2023-11-09 20:06:21,064 [INFO] JxBrowserEngine:151 - Initiate JxBrowser Engine with user profile folder
2023-11-09 20:06:21,064 [INFO] ServerAccessManage:473 - Download File updaters.zip
2023-11-09 20:06:21,108 [INFO] FileExtend:240 - Unzip File : updaters.zip
2023-11-09 20:06:21,108 [INFO] FileExtend:255 - Standard Zip Deflate
2023-11-09 20:06:21,227 [INFO] ServerAccessManage:473 - Download File PacksControlFlags.xml
2023-11-09 20:06:21,295 [INFO] ServerAccessManage:473 - Download File cubemx.pidx
2023-11-09 20:06:21,490 [INFO] ServerAccessManage:473 - Download File STMicroelectronics.FP-SNS-MOTENVWB1.pdsc
2023-11-09 20:06:21,861 [INFO] WebApp:157 - Instantiating new browser for Auth
2023-11-09 20:06:22,419 [INFO] WebApp:753 - Register for checkConnection events
2023-11-09 20:06:22,419 [INFO] WebApp:390 - Apply proxy settings
2023-11-09 20:06:22,419 [INFO] WebApp:475 - Chromium requires no authentication
2023-11-09 20:06:22,424 [INFO] WebApp:418 - Direct internet connection detected
2023-11-09 20:06:22,522 [INFO] WebApp:188 - Starting web application
2023-11-09 20:06:22,522 [INFO] WebApp:520 - Web application path used /opt/st/stm32cubeide_1.13.2/plugins/com.st.stm32cube.common.mx_6.9.2.202309101412/db/plugins/mcufinder/reactClient1/index.html
2023-11-09 20:06:22,672 [ERROR] ServerAccessManage:1096 - Problem, Http access forbiden
2023-11-09 20:06:22,672 [ERROR] ServerAccessManage:651 - Problem, Http access forbiden : RoweBots.I-CUBE-UNISONRTOS.pdsc.
2023-11-09 20:06:22,838 [ERROR] ServerAccessManage:1172 - Problem during Server Connection :  IO error PKIX path building failed: sun.security.provider.certpath.SunCertPathBuilderException: unable to find valid certification path to requested target
2023-11-09 20:06:22,838 [ERROR] ServerAccessManage:651 - Problem during Server Connection :  : SEGGER.I-CUBE-embOS.pdsc.
2023-11-09 20:06:22,938 [WARN] PackLoader:240 - Cannot read IP mode file for STMicroelectronics.FP-SNS-MOTENVWB1.1.3.0
2023-11-09 20:06:22,944 [INFO] PopulateThirdPartyThread:66 - Ending populate Thread
2023-11-09 20:06:22,945 [INFO] ThirdParty:1030 - CMSIS Pack Vendor :STMicroelectronics FP-SNS-MOTENVWB1 1.3.0
2023-11-09 20:06:22,945 [INFO] LoadServerUpdatesThread:373 - End of LoadServerUpdate Thread
2023-11-09 20:06:23,065 [INFO] CheckServerUpdateThread:120 - End of CheckServer Thread
2023-11-09 20:06:23,173 [WARN] PackLoader:240 - Cannot read IP mode file for STMicroelectronics.X-CUBE-SMBUS.2.1.0
2023-11-09 20:06:23,196 [WARN] PackLoader:240 - Cannot read IP mode file for STMicroelectronics.X-CUBE-AZRTOS-F7.1.1.0
2023-11-09 20:06:23,204 [WARN] PackLoader:240 - Cannot read IP mode file for STMicroelectronics.FP-SNS-MOTENV1.4.3.2
2023-11-09 20:06:23,209 [WARN] PackLoader:240 - Cannot read IP mode file for STMicroelectronics.FP-SNS-FLIGHT1.5.0.2
2023-11-09 20:06:23,215 [WARN] PackLoader:240 - Cannot read IP mode file for STMicroelectronics.X-CUBE-DISPLAY.3.0.0
2023-11-09 20:06:23,226 [WARN] PackLoader:240 - Cannot read IP mode file for STMicroelectronics.X-CUBE-BLE1.7.0.0
2023-11-09 20:06:23,229 [WARN] PackLoader:240 - Cannot read IP mode file for emotas.I-CUBE-CANOPEN.1.3.0
2023-11-09 20:06:23,232 [WARN] PackLoader:240 - Cannot read IP mode file for STMicroelectronics.X-CUBE-TOUCHGFX.4.22.1
2023-11-09 20:06:23,234 [WARN] PackLoader:240 - Cannot read IP mode file for STMicroelectronics.FP-SNS-SMARTAG2.1.2.0
2023-11-09 20:06:23,241 [INFO] LogOutputStream:77 - [STDOUT_REDIRECT] 1 : Invalid condition id : UX_CORESTACK_Condition cause : null
2023-11-09 20:06:23,242 [INFO] LogOutputStream:77 - [STDOUT_REDIRECT] 1 : Invalid condition id : UX_CORESTACK_Condition cause : null
2023-11-09 20:06:23,242 [INFO] LogOutputStream:77 - [STDOUT_REDIRECT] 1 : Invalid condition id : UX_CORESTACK_Condition cause : null
2023-11-09 20:06:23,242 [INFO] LogOutputStream:77 - [STDOUT_REDIRECT] 1 : Invalid condition id : UX_CORESTACK_Condition cause : null
2023-11-09 20:06:23,242 [INFO] LogOutputStream:77 - [STDOUT_REDIRECT] 1 : Invalid condition id : UX_CORESTACK_Condition cause : null
2023-11-09 20:06:23,247 [WARN] PackLoader:240 - Cannot read IP mode file for STMicroelectronics.X-CUBE-AZRTOS-WL.2.0.0
2023-11-09 20:06:23,252 [WARN] PackLoader:240 - Cannot read IP mode file for WES.I-CUBE-Cesium.1.3.0
2023-11-09 20:06:23,256 [WARN] PackLoader:240 - Cannot read IP mode file for STMicroelectronics.X-CUBE-BLE2.3.3.0
2023-11-09 20:06:23,261 [WARN] PackLoader:240 - Cannot read IP mode file for STMicroelectronics.X-CUBE-ALGOBUILD.1.3.0
2023-11-09 20:06:23,275 [WARN] PackLoader:240 - Cannot read IP mode file for STMicroelectronics.X-CUBE-AZRTOS-G0.1.1.0
2023-11-09 20:06:23,281 [WARN] PackLoader:240 - Cannot read IP mode file for STMicroelectronics.X-CUBE-NFC4.3.0.0
2023-11-09 20:06:23,290 [WARN] PackLoader:240 - Cannot read IP mode file for STMicroelectronics.X-CUBE-BLEMGR.3.0.0
2023-11-09 20:06:23,294 [WARN] PackLoader:240 - Cannot read IP mode file for STMicroelectronics.FP-ATR-SIGFOX1.3.2.0
2023-11-09 20:06:23,298 [WARN] PackLoader:240 - Cannot read IP mode file for STMicroelectronics.X-CUBE-GNSS1.6.0.0
2023-11-09 20:06:23,313 [WARN] PackLoader:240 - Cannot read IP mode file for STMicroelectronics.X-CUBE-AZRTOS-F4.1.1.0
2023-11-09 20:06:23,330 [WARN] PackLoader:240 - Cannot read IP mode file for STMicroelectronics.X-CUBE-AZRTOS-L5.2.0.0
2023-11-09 20:06:23,336 [WARN] PackLoader:240 - Cannot read IP mode file for STMicroelectronics.X-CUBE-EEPRMA1.4.2.0
2023-11-09 20:06:23,340 [WARN] PackLoader:240 - Cannot read IP mode file for ITTIA_DB.I-CUBE-ITTIADB.8.8.0
2023-11-09 20:06:23,353 [WARN] ConditionMgr:438 - getConditionDescription Invalid condition id : UX DEVICE CLASS RTOS Condition cause : null
2023-11-09 20:06:23,353 [WARN] ConditionMgr:438 - getConditionDescription Invalid condition id : UX DEVICE CLASS RTOS Condition cause : null
2023-11-09 20:06:23,356 [WARN] PackLoader:240 - Cannot read IP mode file for STMicroelectronics.X-CUBE-AZRTOS-H7.3.1.0
2023-11-09 20:06:23,357 [WARN] ConditionMgr:1039 - genDependencies : Invalid condition id : UX DEVICE CLASS RTOS Condition cause : null
2023-11-09 20:06:23,357 [WARN] ConditionMgr:1039 - genDependencies : Invalid condition id : UX DEVICE CLASS RTOS Condition cause : null
2023-11-09 20:06:23,358 [WARN] ConditionMgr:1039 - genDependencies : Invalid condition id : UX DEVICE CLASS RTOS Condition cause : null
2023-11-09 20:06:23,358 [WARN] ConditionMgr:1039 - genDependencies : Invalid condition id : UX DEVICE CLASS RTOS Condition cause : null
2023-11-09 20:06:23,358 [WARN] ConditionMgr:1039 - genDependencies : Invalid condition id : UX DEVICE CLASS RTOS Condition cause : null
2023-11-09 20:06:23,361 [WARN] PackLoader:240 - Cannot read IP mode file for wolfSSL.I-CUBE-wolfSSL.5.5.4
2023-11-09 20:06:23,364 [WARN] PackLoader:240 - Cannot read IP mode file for STMicroelectronics.X-CUBE-NFC7.1.0.1
2023-11-09 20:06:23,370 [WARN] PackLoader:240 - Cannot read IP mode file for STMicroelectronics.X-CUBE-NFC6.3.0.0
2023-11-09 20:06:23,374 [WARN] PackLoader:240 - Cannot read IP mode file for STMicroelectronics.X-CUBE-AI.8.1.0
2023-11-09 20:06:23,387 [WARN] ConditionMgr:438 - getConditionDescription Invalid condition id : LAN8742 Phy interface Condition cause : null
2023-11-09 20:06:23,388 [WARN] PackLoader:240 - Cannot read IP mode file for STMicroelectronics.X-CUBE-AZRTOS-L4.2.0.0
2023-11-09 20:06:23,389 [WARN] ConditionMgr:1039 - genDependencies : Invalid condition id : LAN8742 Phy interface Condition cause : null
2023-11-09 20:06:23,389 [WARN] ConditionMgr:1039 - genDependencies : Invalid condition id : LAN8742 Phy interface Condition cause : null
2023-11-09 20:06:23,390 [WARN] ConditionMgr:1039 - genDependencies : Invalid condition id : LAN8742 Phy interface Condition cause : null
2023-11-09 20:06:23,395 [WARN] PackLoader:240 - Cannot read IP mode file for STMicroelectronics.X-CUBE-SFXS2LP1.4.0.0
2023-11-09 20:06:23,399 [WARN] PackLoader:240 - Cannot read IP mode file for STMicroelectronics.X-CUBE-ISPU.1.1.0
2023-11-09 20:06:23,408 [WARN] ConditionMgr:438 - getConditionDescription Invalid condition id : UX DEVICE CLASS RTOS Condition cause : null
2023-11-09 20:06:23,408 [WARN] ConditionMgr:438 - getConditionDescription Invalid condition id : UX DEVICE CLASS RTOS Condition cause : null
2023-11-09 20:06:23,410 [WARN] PackLoader:240 - Cannot read IP mode file for STMicroelectronics.X-CUBE-AZRTOS-WB.2.0.0
2023-11-09 20:06:23,411 [WARN] ConditionMgr:1039 - genDependencies : Invalid condition id : UX DEVICE CLASS RTOS Condition cause : null
2023-11-09 20:06:23,411 [WARN] ConditionMgr:1039 - genDependencies : Invalid condition id : UX DEVICE CLASS RTOS Condition cause : null
2023-11-09 20:06:23,411 [WARN] ConditionMgr:1039 - genDependencies : Invalid condition id : UX DEVICE CLASS RTOS Condition cause : null
2023-11-09 20:06:23,412 [WARN] ConditionMgr:1039 - genDependencies : Invalid condition id : UX DEVICE CLASS RTOS Condition cause : null
2023-11-09 20:06:23,412 [WARN] ConditionMgr:1039 - genDependencies : Invalid condition id : UX DEVICE CLASS RTOS Condition cause : null
2023-11-09 20:06:23,419 [WARN] PackLoader:240 - Cannot read IP mode file for STMicroelectronics.X-CUBE-SUBG2.5.0.0
2023-11-09 20:06:23,430 [WARN] PackLoader:240 - Cannot read IP mode file for STMicroelectronics.X-CUBE-TOF1.3.3.1
2023-11-09 20:06:23,448 [WARN] PackLoader:240 - Cannot read IP mode file for STMicroelectronics.X-CUBE-AZRTOS-G4.2.0.0
2023-11-09 20:06:23,458 [WARN] PackLoader:240 - Cannot read IP mode file for Infineon.AIROC-Wi-Fi-Bluetooth-STM32.1.5.1
2023-11-09 20:06:23,464 [WARN] PackLoader:240 - Cannot read IP mode file for STMicroelectronics.FP-SNS-MOTENVWB1.1.3.0
2023-11-09 20:06:23,487 [WARN] PackLoader:240 - Cannot read IP mode file for STMicroelectronics.X-CUBE-MEMS1.10.0.0
2023-11-09 20:06:23,602 [WARN] PackLoader:240 - Cannot read IP mode file for STMicroelectronics.X-CUBE-FREERTOS.1.1.0
2023-11-09 20:06:23,604 [WARN] PackLoader:240 - Cannot read IP mode file for portGmbH.I-Cube-SoM-uGOAL.1.1.0
2023-11-09 20:06:23,606 [WARN] PackLoader:240 - Cannot read IP mode file for STMicroelectronics.X-CUBE-ALS.1.0.1
2023-11-09 20:06:23,609 [WARN] PackLoader:240 - Cannot read IP mode file for STMicroelectronics.FP-ATR-ASTRA1.2.0.0
2023-11-09 20:06:23,609 [INFO] ThirdParty:978 - Integrity check success = true
2023-11-09 20:06:23,609 [INFO] IntegrityCheckThread:100 - exiting critical section [integrity check]
2023-11-09 20:06:23,609 [INFO] IntegrityCheckThread:103 - End integrity checks thread
2023-11-09 20:06:42,863 [ERROR] LogOutputStream:75 - [STDERR_REDIRECT] SLF4J: Failed to load class "org.slf4j.impl.StaticLoggerBinder".
2023-11-09 20:06:42,863 [ERROR] LogOutputStream:75 - [STDERR_REDIRECT] SLF4J: Defaulting to no-operation (NOP) logger implementation
2023-11-09 20:06:42,864 [ERROR] LogOutputStream:75 - [STDERR_REDIRECT] SLF4J: See http://www.slf4j.org/codes.html#StaticLoggerBinder for further details.
2023-11-09 20:06:55,685 [INFO] Activator:176 - 


2023-11-09 20:06:55,686 [INFO] Activator:177 - !SESSION log4j initialized
2023-11-09 20:06:57,341 [INFO] LogOutputStream:77 - [STDOUT_REDIRECT] 
2023-11-09 20:06:58,899 [INFO] ApplicationProperties:184 - Using Application install path: /opt/st/stm32cubeide_1.13.2/plugins/com.st.stm32cube.common.mx_6.9.2.202309101412
2023-11-09 20:06:58,911 [INFO] DbMcusXml:78 - Set database path to: /opt/st/stm32cubeide_1.13.2/plugins/com.st.stm32cube.common.mx_6.9.2.202309101412//db//mcu/
2023-11-09 20:06:58,911 [INFO] ApiDb:274 - Set plugin database path to: /opt/st/stm32cubeide_1.13.2/plugins/com.st.stm32cube.common.mx_6.9.2.202309101412//db//plugins/boardmanager/
2023-11-09 20:06:58,911 [WARN] ApiDb:259 - Overriding images path with different value:  => /opt/st/stm32cubeide_1.13.2/plugins/com.st.stm32cube.common.mx_6.9.2.202309101412//db//plugins/mcufinder/images/
2023-11-09 20:06:58,916 [INFO] ApiDb:250 - Set database path to: /home/arek/.stmcufinder/plugins/mcufinder//mcu/
2023-11-09 20:06:58,917 [INFO] DbMcusAds:125 - Set database path to: /home/arek/.stmcufinder/plugins/mcufinder//mcu/
2023-11-09 20:06:58,918 [INFO] CrossReferenceDbSqlite:203 - Set database path to: /home/arek/.stmcufinder/plugins/mcufinder//mcu/cs/
2023-11-09 20:06:59,001 [INFO] RulesReader:64 - Compatibility file has been processed (293 Rules)
2023-11-09 20:06:59,040 [INFO] DbMcusXml:78 - Set database path to: /opt/st/stm32cubeide_1.13.2/plugins/com.st.stm32cube.common.mx_6.9.2.202309101412//db//mcu/
2023-11-09 20:06:59,041 [INFO] ApiDb:274 - Set plugin database path to: /opt/st/stm32cubeide_1.13.2/plugins/com.st.stm32cube.common.mx_6.9.2.202309101412//db//plugins/boardmanager/
2023-11-09 20:06:59,041 [INFO] ApiDb:261 - Set plugin images path to: /opt/st/stm32cubeide_1.13.2/plugins/com.st.stm32cube.common.mx_6.9.2.202309101412//db//plugins/mcufinder/images/
2023-11-09 20:06:59,041 [WARN] DbFile:41 - Overriding database path with different value: /home/arek/.stmcufinder/plugins/mcufinder/ => /home/arek/.stmcufinder/plugins/mcufinder
2023-11-09 20:06:59,041 [INFO] ApiDb:250 - Set database path to: /home/arek/.stmcufinder/plugins/mcufinder//mcu/
2023-11-09 20:06:59,041 [WARN] DbFile:41 - Overriding database path with different value: /home/arek/.stmcufinder/plugins/mcufinder/ => /home/arek/.stmcufinder/plugins/mcufinder
2023-11-09 20:06:59,041 [INFO] DbMcusAds:125 - Set database path to: /home/arek/.stmcufinder/plugins/mcufinder//mcu/
2023-11-09 20:06:59,041 [WARN] DbFile:41 - Overriding database path with different value: /home/arek/.stmcufinder/plugins/mcufinder/ => /home/arek/.stmcufinder/plugins/mcufinder
2023-11-09 20:06:59,041 [WARN] DbFile:41 - Overriding database path with different value: /home/arek/.stmcufinder/plugins/mcufinder/ => /home/arek/.stmcufinder/plugins/mcufinder
2023-11-09 20:06:59,041 [INFO] CrossReferenceDbSqlite:203 - Set database path to: /home/arek/.stmcufinder/plugins/mcufinder//mcu/cs/
2023-11-09 20:06:59,082 [INFO] MainPanel:262 - HeapMemory: 268435456
2023-11-09 20:06:59,137 [INFO] DbMcusXml:78 - Set database path to: /opt/st/stm32cubeide_1.13.2/plugins/com.st.stm32cube.common.mx_6.9.2.202309101412//db//mcu/
2023-11-09 20:06:59,137 [INFO] ApiDb:274 - Set plugin database path to: /opt/st/stm32cubeide_1.13.2/plugins/com.st.stm32cube.common.mx_6.9.2.202309101412//db//plugins/boardmanager/
2023-11-09 20:06:59,137 [INFO] ApiDb:261 - Set plugin images path to: /opt/st/stm32cubeide_1.13.2/plugins/com.st.stm32cube.common.mx_6.9.2.202309101412//db//plugins/mcufinder/images/
2023-11-09 20:06:59,137 [WARN] DbFile:41 - Overriding database path with different value: /home/arek/.stmcufinder/plugins/mcufinder/ => /home/arek/.stmcufinder/plugins/mcufinder
2023-11-09 20:06:59,137 [INFO] ApiDb:250 - Set database path to: /home/arek/.stmcufinder/plugins/mcufinder//mcu/
2023-11-09 20:06:59,137 [WARN] DbFile:41 - Overriding database path with different value: /home/arek/.stmcufinder/plugins/mcufinder/ => /home/arek/.stmcufinder/plugins/mcufinder
2023-11-09 20:06:59,137 [INFO] DbMcusAds:125 - Set database path to: /home/arek/.stmcufinder/plugins/mcufinder//mcu/
2023-11-09 20:06:59,137 [WARN] DbFile:41 - Overriding database path with different value: /home/arek/.stmcufinder/plugins/mcufinder/ => /home/arek/.stmcufinder/plugins/mcufinder
2023-11-09 20:06:59,137 [WARN] DbFile:41 - Overriding database path with different value: /home/arek/.stmcufinder/plugins/mcufinder/ => /home/arek/.stmcufinder/plugins/mcufinder
2023-11-09 20:06:59,138 [INFO] CrossReferenceDbSqlite:203 - Set database path to: /home/arek/.stmcufinder/plugins/mcufinder//mcu/cs/
2023-11-09 20:06:59,148 [INFO] ApplicationProperties:184 - Using Application install path: /opt/st/stm32cubeide_1.13.2/plugins/com.st.stm32cube.common.mx_6.9.2.202309101412
2023-11-09 20:06:59,150 [INFO] PluginManage:196 - Search for loadable plugins [exclusion list=, ]
2023-11-09 20:06:59,151 [INFO] PluginManage:310 - Check plugin analytics
2023-11-09 20:06:59,276 [INFO] AnalyticsPlugin:253 - Accepted Software Licenses: 
2023-11-09 20:06:59,276 [INFO] AnalyticsPlugin:255 - Accepted CMSIS Pack Licenses: 
2023-11-09 20:06:59,276 [INFO] AnalyticsPlugin:257 - Accepted Firmware Licenses: FW.C0.1.1.0
2023-11-09 20:06:59,278 [INFO] PluginManage:359 - Loaded plugin analytics (category:tool,tabindex:-1)
2023-11-09 20:06:59,278 [INFO] PluginManage:310 - Check plugin cadmodel
2023-11-09 20:06:59,297 [INFO] CADModel:105 - Init CAD model plugin
2023-11-09 20:06:59,298 [INFO] PluginManage:359 - Loaded plugin cadmodel (category:power,tabindex:5)
2023-11-09 20:06:59,298 [INFO] PluginManage:310 - Check plugin clock
2023-11-09 20:06:59,304 [INFO] PluginManage:359 - Loaded plugin clock (category:base,tabindex:2)
2023-11-09 20:06:59,304 [INFO] PluginManage:310 - Check plugin ddr
2023-11-09 20:06:59,305 [INFO] PluginManage:359 - Loaded plugin ddr (category:tool,tabindex:6)
2023-11-09 20:06:59,305 [INFO] PluginManage:310 - Check plugin filemanager
2023-11-09 20:06:59,395 [INFO] PluginManage:359 - Loaded plugin filemanager (category:base,tabindex:10)
2023-11-09 20:06:59,395 [INFO] PluginManage:310 - Check plugin ipmanager
2023-11-09 20:06:59,399 [INFO] PluginManage:359 - Loaded plugin ipmanager (category:base,tabindex:5)
2023-11-09 20:06:59,399 [INFO] PluginManage:310 - Check plugin lpbam
2023-11-09 20:06:59,405 [INFO] PluginManage:359 - Loaded plugin lpbam (category:base,tabindex:0)
2023-11-09 20:06:59,405 [INFO] PluginManage:310 - Check plugin memorymap
2023-11-09 20:06:59,412 [INFO] PluginManage:359 - Loaded plugin memorymap (category:base,tabindex:4)
2023-11-09 20:06:59,412 [INFO] PluginManage:310 - Check plugin pinoutandconfiguration
2023-11-09 20:06:59,417 [INFO] PluginManage:359 - Loaded plugin pinoutandconfiguration (category:base,tabindex:1)
2023-11-09 20:06:59,417 [INFO] PluginManage:310 - Check plugin pinoutconfig
2023-11-09 20:06:59,475 [WARN] SupportedApi:132 - Cannot load RTOS API schema: s4s-elt-must-match.1: The content of 'definitions' must match (annotation?, (simpleType | complexType)?, (unique | key | keyref)*)). A problem was found starting at: attribute.
2023-11-09 20:06:59,564 [INFO] PluginManage:359 - Loaded plugin pinoutconfig (category:base,tabindex:0)
2023-11-09 20:06:59,564 [INFO] PluginManage:310 - Check plugin power
2023-11-09 20:06:59,569 [INFO] PluginManage:359 - Loaded plugin power (category:power,tabindex:4)
2023-11-09 20:06:59,569 [INFO] PluginManage:310 - Check plugin projectmanager
2023-11-09 20:06:59,579 [INFO] PluginManage:359 - Loaded plugin projectmanager (category:projectmanager,tabindex:3)
2023-11-09 20:06:59,579 [INFO] PluginManage:310 - Check plugin thirdparty
2023-11-09 20:06:59,655 [INFO] PluginManage:359 - Loaded plugin thirdparty (category:base,tabindex:-1)
2023-11-09 20:06:59,655 [WARN] IntegrityCheckThread:84 - waiting for thirdparty lock release [integrity check]
2023-11-09 20:06:59,655 [INFO] PluginManage:310 - Check plugin tools
2023-11-09 20:06:59,655 [INFO] IntegrityCheckThread:86 - entering critical section [integrity check]
2023-11-09 20:06:59,656 [INFO] ThirdPartyUpdaterWithRetryManager:70 - Updater plugin not ready yet. [1/15]
2023-11-09 20:06:59,657 [INFO] PluginManage:359 - Loaded plugin tools (category:base,tabindex:7)
2023-11-09 20:06:59,657 [INFO] PluginManage:310 - Check plugin tutovideos
2023-11-09 20:06:59,773 [INFO] PluginManage:359 - Loaded plugin tutovideos (category:base,tabindex:-1)
2023-11-09 20:06:59,773 [INFO] PluginManage:310 - Check plugin updater
2023-11-09 20:06:59,779 [INFO] PluginManage:359 - Loaded plugin updater (category:base,tabindex:12)
2023-11-09 20:06:59,780 [INFO] PluginManage:310 - Check plugin userauth
2023-11-09 20:06:59,783 [INFO] UserAuth:113 - Init User Auth plugin
2023-11-09 20:06:59,783 [INFO] PluginManage:359 - Loaded plugin userauth (category:base,tabindex:14)
2023-11-09 20:06:59,784 [INFO] PluginManage:283 - PluginManage : Loaded plugins [17]
2023-11-09 20:06:59,905 [INFO] PinOutPanel:1499 - setPackage(No Configuration,No Configuration)
2023-11-09 20:06:59,964 [INFO] CADModel:165 - CPN selected for project level
2023-11-09 20:06:59,965 [INFO] CADModel:114 - Register for checkConnection events
2023-11-09 20:06:59,971 [INFO] IPUIPlugin:80 - create IPUIPlugin
2023-11-09 20:06:59,972 [INFO] PluginManager:220 - loadIPPluginJar : add tracer_emb
2023-11-09 20:06:59,975 [INFO] IPUIPlugin:80 - create IPUIPlugin
2023-11-09 20:06:59,975 [INFO] PluginManager:220 - loadIPPluginJar : add aes
2023-11-09 20:06:59,980 [INFO] IPUIPlugin:80 - create IPUIPlugin
2023-11-09 20:06:59,980 [INFO] PluginManager:220 - loadIPPluginJar : add linkedlist
2023-11-09 20:06:59,985 [INFO] IPUIPlugin:80 - create IPUIPlugin
2023-11-09 20:06:59,985 [INFO] PluginManager:220 - loadIPPluginJar : add adc
2023-11-09 20:06:59,986 [INFO] IPUIPlugin:80 - create IPUIPlugin
2023-11-09 20:06:59,986 [INFO] PluginManager:220 - loadIPPluginJar : add hash
2023-11-09 20:06:59,988 [INFO] IPUIPlugin:80 - create IPUIPlugin
2023-11-09 20:06:59,988 [INFO] PluginManager:220 - loadIPPluginJar : add usbx
2023-11-09 20:06:59,990 [INFO] IPUIPlugin:80 - create IPUIPlugin
2023-11-09 20:06:59,990 [INFO] PluginManager:220 - loadIPPluginJar : add touchsensing
2023-11-09 20:06:59,993 [INFO] IPUIPlugin:80 - create IPUIPlugin
2023-11-09 20:06:59,993 [INFO] PluginManager:220 - loadIPPluginJar : add stm32_wpan
2023-11-09 20:06:59,994 [INFO] IPUIPlugin:80 - create IPUIPlugin
2023-11-09 20:06:59,994 [INFO] PluginManager:220 - loadIPPluginJar : add tsc
2023-11-09 20:06:59,995 [INFO] IPUIPlugin:80 - create IPUIPlugin
2023-11-09 20:06:59,995 [INFO] PluginManager:220 - loadIPPluginJar : add gfxmmu
2023-11-09 20:06:59,999 [INFO] IPUIPlugin:80 - create IPUIPlugin
2023-11-09 20:06:59,999 [INFO] PluginManager:220 - loadIPPluginJar : add mdma
2023-11-09 20:07:00,001 [INFO] IPUIPlugin:80 - create IPUIPlugin
2023-11-09 20:07:00,001 [INFO] PluginManager:220 - loadIPPluginJar : add openamp
2023-11-09 20:07:00,003 [INFO] IPUIPlugin:80 - create IPUIPlugin
2023-11-09 20:07:00,003 [INFO] PluginManager:220 - loadIPPluginJar : add ipddr
2023-11-09 20:07:00,005 [INFO] IPUIPlugin:80 - create IPUIPlugin
2023-11-09 20:07:00,005 [INFO] PluginManager:220 - loadIPPluginJar : add spi
2023-11-09 20:07:00,007 [INFO] IPUIPlugin:80 - create IPUIPlugin
2023-11-09 20:07:00,007 [INFO] PluginManager:220 - loadIPPluginJar : add sai
2023-11-09 20:07:00,010 [INFO] IPUIPlugin:80 - create IPUIPlugin
2023-11-09 20:07:00,010 [INFO] PluginManager:220 - loadIPPluginJar : add fmc
2023-11-09 20:07:00,011 [INFO] IPUIPlugin:80 - create IPUIPlugin
2023-11-09 20:07:00,011 [INFO] PluginManager:220 - loadIPPluginJar : add cryp
2023-11-09 20:07:00,013 [INFO] IPUIPlugin:80 - create IPUIPlugin
2023-11-09 20:07:00,013 [INFO] PluginManager:220 - loadIPPluginJar : add opamp
2023-11-09 20:07:00,014 [INFO] IPUIPlugin:80 - create IPUIPlugin
2023-11-09 20:07:00,015 [INFO] PluginManager:220 - loadIPPluginJar : add dfsdm
2023-11-09 20:07:00,016 [INFO] IPUIPlugin:80 - create IPUIPlugin
2023-11-09 20:07:00,016 [INFO] PluginManager:220 - loadIPPluginJar : add i3c
2023-11-09 20:07:00,018 [INFO] IPUIPlugin:80 - create IPUIPlugin
2023-11-09 20:07:00,018 [INFO] PluginManager:220 - loadIPPluginJar : add i2c
2023-11-09 20:07:00,019 [INFO] IPUIPlugin:80 - create IPUIPlugin
2023-11-09 20:07:00,019 [INFO] PluginManager:220 - loadIPPluginJar : add comp
2023-11-09 20:07:00,023 [INFO] IPUIPlugin:80 - create IPUIPlugin
2023-11-09 20:07:00,025 [INFO] PluginManager:220 - loadIPPluginJar : add plateformsettings
2023-11-09 20:07:00,026 [INFO] IPUIPlugin:80 - create IPUIPlugin
2023-11-09 20:07:00,026 [INFO] PluginManager:220 - loadIPPluginJar : add pdm2pcm
2023-11-09 20:07:00,027 [INFO] IPUIPlugin:80 - create IPUIPlugin
2023-11-09 20:07:00,027 [INFO] PluginManager:220 - loadIPPluginJar : add ltdc
2023-11-09 20:07:00,030 [INFO] IPUIPlugin:80 - create IPUIPlugin
2023-11-09 20:07:00,030 [INFO] PluginManager:220 - loadIPPluginJar : add gpio
2023-11-09 20:07:00,031 [INFO] IPUIPlugin:80 - create IPUIPlugin
2023-11-09 20:07:00,031 [INFO] PluginManager:220 - loadIPPluginJar : add dma3
2023-11-09 20:07:00,033 [INFO] IPUIPlugin:80 - create IPUIPlugin
2023-11-09 20:07:00,033 [INFO] PluginManager:220 - loadIPPluginJar : add i2s
2023-11-09 20:07:00,055 [INFO] IPUIPlugin:80 - create IPUIPlugin
2023-11-09 20:07:00,055 [INFO] PluginManager:220 - loadIPPluginJar : add gic
2023-11-09 20:07:00,056 [INFO] IPUIPlugin:80 - create IPUIPlugin
2023-11-09 20:07:00,056 [INFO] PluginManager:220 - loadIPPluginJar : add genericplugin
2023-11-09 20:07:00,058 [INFO] IPUIPlugin:80 - create IPUIPlugin
2023-11-09 20:07:00,058 [INFO] PluginManager:220 - loadIPPluginJar : add nvic
2023-11-09 20:07:00,059 [INFO] IPUIPlugin:80 - create IPUIPlugin
2023-11-09 20:07:00,059 [INFO] PluginManager:220 - loadIPPluginJar : add ucpd
2023-11-09 20:07:00,061 [INFO] IPUIPlugin:80 - create IPUIPlugin
2023-11-09 20:07:00,061 [INFO] PluginManager:220 - loadIPPluginJar : add resmgrutility
2023-11-09 20:07:00,062 [INFO] IPUIPlugin:80 - create IPUIPlugin
2023-11-09 20:07:00,062 [INFO] PluginManager:220 - loadIPPluginJar : add quadspi
2023-11-09 20:07:00,063 [INFO] IPUIPlugin:80 - create IPUIPlugin
2023-11-09 20:07:00,063 [INFO] PluginManager:220 - loadIPPluginJar : add fatfs
2023-11-09 20:07:00,064 [INFO] IPUIPlugin:80 - create IPUIPlugin
2023-11-09 20:07:00,064 [INFO] PluginManager:220 - loadIPPluginJar : add ts
2023-11-09 20:07:00,065 [INFO] IPUIPlugin:80 - create IPUIPlugin
2023-11-09 20:07:00,065 [INFO] PluginManager:220 - loadIPPluginJar : add tim
2023-11-09 20:07:00,074 [INFO] IPUIPlugin:80 - create IPUIPlugin
2023-11-09 20:07:00,075 [INFO] PluginManager:220 - loadIPPluginJar : add lorawan
2023-11-09 20:07:00,076 [INFO] IPUIPlugin:80 - create IPUIPlugin
2023-11-09 20:07:00,076 [INFO] PluginManager:220 - loadIPPluginJar : add gtzc
2023-11-09 20:07:00,080 [INFO] IPUIPlugin:80 - create IPUIPlugin
2023-11-09 20:07:00,080 [INFO] PluginManager:220 - loadIPPluginJar : add dma
2023-11-09 20:07:00,082 [INFO] IPUIPlugin:80 - create IPUIPlugin
2023-11-09 20:07:00,082 [INFO] PluginManager:220 - loadIPPluginJar : add can
2023-11-09 20:07:00,087 [INFO] IPUIPlugin:80 - create IPUIPlugin
2023-11-09 20:07:00,087 [INFO] PluginManager:220 - loadIPPluginJar : add freertos
2023-11-09 20:07:00,089 [INFO] IPUIPlugin:80 - create IPUIPlugin
2023-11-09 20:07:00,089 [INFO] PluginManager:220 - loadIPPluginJar : add usart
2023-11-09 20:07:00,180 [INFO] CADModel:165 - CPN selected for project level
2023-11-09 20:07:00,180 [INFO] CADModel:114 - Register for checkConnection events
2023-11-09 20:07:00,181 [FATAL] Updater:308 - Updater called before beeing initialized
2023-11-09 20:07:00,181 [ERROR] CADModel:125 - Updater not yet initialized, retry later 
2023-11-09 20:07:00,259 [INFO] CADModel:165 - CPN selected for project level
2023-11-09 20:07:00,259 [INFO] CADModel:114 - Register for checkConnection events
2023-11-09 20:07:00,259 [FATAL] Updater:308 - Updater called before beeing initialized
2023-11-09 20:07:00,260 [ERROR] CADModel:125 - Updater not yet initialized, retry later 
2023-11-09 20:07:00,262 [FATAL] Updater:308 - Updater called before beeing initialized
2023-11-09 20:07:00,311 [FATAL] Updater:308 - Updater called before beeing initialized
2023-11-09 20:07:00,315 [INFO] DbMcusAds:53 - JSON generation date=Tue Mar 07 09:50:54 CET 2023 (1678179054945)
2023-11-09 20:07:00,315 [FATAL] Updater:308 - Updater called before beeing initialized
2023-11-09 20:07:00,339 [WARN] DetailPanel:346 - Failed to get advertising image, set to default
2023-11-09 20:07:00,410 [FATAL] Updater:308 - Updater called before beeing initialized
2023-11-09 20:07:00,411 [FATAL] Updater:308 - Updater called before beeing initialized
2023-11-09 20:07:00,411 [FATAL] Updater:308 - Updater called before beeing initialized
2023-11-09 20:07:00,411 [WARN] DetailPanel:346 - Failed to get advertising image, set to default
2023-11-09 20:07:00,412 [FATAL] Updater:308 - Updater called before beeing initialized
2023-11-09 20:07:00,431 [ERROR] Updater:1120 - MainUpdater not yet initialized. External WinMGr cannot be set.
2023-11-09 20:07:00,432 [INFO] Updater:1056 - Updater Version found : 6.9.2
2023-11-09 20:07:00,444 [INFO] ApplicationProperties:184 - Using Application install path: /opt/st/stm32cubeide_1.13.2/plugins/com.st.stm32cube.common.mx_6.9.2.202309101412
2023-11-09 20:07:00,550 [INFO] MainUpdater:2868 - connection check result : 10
2023-11-09 20:07:00,551 [INFO] MainUpdater:285 - Updater Check For Update Now.
2023-11-09 20:07:00,551 [INFO] MicroXplorer:498 - Change Database Version : DB.6.0.92
2023-11-09 20:07:00,554 [INFO] McuFinderGlobals:63 - Set McuFinder mode to 2 (CubeIDE integrated)
2023-11-09 20:07:00,554 [INFO] UserAuth:179 - activating auth plugin
2023-11-09 20:07:00,556 [INFO] UserAuth:393 - Internet connection configuration mode: 1
2023-11-09 20:07:00,563 [INFO] JxBrowserEngine:151 - Initiate JxBrowser Engine with user profile folder
2023-11-09 20:07:00,697 [INFO] CheckServerUpdateThread:120 - End of CheckServer Thread
2023-11-09 20:07:00,945 [INFO] WebApp:157 - Instantiating new browser for Auth
2023-11-09 20:07:01,281 [INFO] WebApp:753 - Register for checkConnection events
2023-11-09 20:07:01,281 [INFO] WebApp:390 - Apply proxy settings
2023-11-09 20:07:01,281 [INFO] WebApp:475 - Chromium requires no authentication
2023-11-09 20:07:01,285 [INFO] WebApp:418 - Direct internet connection detected
2023-11-09 20:07:01,374 [INFO] WebApp:188 - Starting web application
2023-11-09 20:07:01,374 [INFO] WebApp:520 - Web application path used /opt/st/stm32cubeide_1.13.2/plugins/com.st.stm32cube.common.mx_6.9.2.202309101412/db/plugins/mcufinder/reactClient1/index.html
2023-11-09 20:07:02,756 [WARN] PackLoader:240 - Cannot read IP mode file for STMicroelectronics.X-CUBE-SMBUS.2.1.0
2023-11-09 20:07:02,782 [WARN] PackLoader:240 - Cannot read IP mode file for STMicroelectronics.X-CUBE-AZRTOS-F7.1.1.0
2023-11-09 20:07:02,790 [WARN] PackLoader:240 - Cannot read IP mode file for STMicroelectronics.FP-SNS-MOTENV1.4.3.2
2023-11-09 20:07:02,795 [WARN] PackLoader:240 - Cannot read IP mode file for STMicroelectronics.FP-SNS-FLIGHT1.5.0.2
2023-11-09 20:07:02,801 [WARN] PackLoader:240 - Cannot read IP mode file for STMicroelectronics.X-CUBE-DISPLAY.3.0.0
2023-11-09 20:07:02,810 [WARN] PackLoader:240 - Cannot read IP mode file for STMicroelectronics.X-CUBE-BLE1.7.0.0
2023-11-09 20:07:02,813 [WARN] PackLoader:240 - Cannot read IP mode file for emotas.I-CUBE-CANOPEN.1.3.0
2023-11-09 20:07:02,816 [WARN] PackLoader:240 - Cannot read IP mode file for STMicroelectronics.X-CUBE-TOUCHGFX.4.22.1
2023-11-09 20:07:02,819 [WARN] PackLoader:240 - Cannot read IP mode file for STMicroelectronics.FP-SNS-SMARTAG2.1.2.0
2023-11-09 20:07:02,827 [INFO] LogOutputStream:77 - [STDOUT_REDIRECT] 1 : Invalid condition id : UX_CORESTACK_Condition cause : null
2023-11-09 20:07:02,828 [INFO] LogOutputStream:77 - [STDOUT_REDIRECT] 1 : Invalid condition id : UX_CORESTACK_Condition cause : null
2023-11-09 20:07:02,828 [INFO] LogOutputStream:77 - [STDOUT_REDIRECT] 1 : Invalid condition id : UX_CORESTACK_Condition cause : null
2023-11-09 20:07:02,828 [INFO] LogOutputStream:77 - [STDOUT_REDIRECT] 1 : Invalid condition id : UX_CORESTACK_Condition cause : null
2023-11-09 20:07:02,828 [INFO] LogOutputStream:77 - [STDOUT_REDIRECT] 1 : Invalid condition id : UX_CORESTACK_Condition cause : null
2023-11-09 20:07:02,832 [WARN] PackLoader:240 - Cannot read IP mode file for STMicroelectronics.X-CUBE-AZRTOS-WL.2.0.0
2023-11-09 20:07:02,838 [WARN] PackLoader:240 - Cannot read IP mode file for WES.I-CUBE-Cesium.1.3.0
2023-11-09 20:07:02,842 [WARN] PackLoader:240 - Cannot read IP mode file for STMicroelectronics.X-CUBE-BLE2.3.3.0
2023-11-09 20:07:02,847 [WARN] PackLoader:240 - Cannot read IP mode file for STMicroelectronics.X-CUBE-ALGOBUILD.1.3.0
2023-11-09 20:07:02,862 [WARN] PackLoader:240 - Cannot read IP mode file for STMicroelectronics.X-CUBE-AZRTOS-G0.1.1.0
2023-11-09 20:07:02,868 [WARN] PackLoader:240 - Cannot read IP mode file for STMicroelectronics.X-CUBE-NFC4.3.0.0
2023-11-09 20:07:02,876 [WARN] PackLoader:240 - Cannot read IP mode file for STMicroelectronics.X-CUBE-BLEMGR.3.0.0
2023-11-09 20:07:02,880 [WARN] PackLoader:240 - Cannot read IP mode file for STMicroelectronics.FP-ATR-SIGFOX1.3.2.0
2023-11-09 20:07:02,883 [WARN] PackLoader:240 - Cannot read IP mode file for STMicroelectronics.X-CUBE-GNSS1.6.0.0
2023-11-09 20:07:02,898 [WARN] PackLoader:240 - Cannot read IP mode file for STMicroelectronics.X-CUBE-AZRTOS-F4.1.1.0
2023-11-09 20:07:02,913 [WARN] PackLoader:240 - Cannot read IP mode file for STMicroelectronics.X-CUBE-AZRTOS-L5.2.0.0
2023-11-09 20:07:02,918 [WARN] PackLoader:240 - Cannot read IP mode file for STMicroelectronics.X-CUBE-EEPRMA1.4.2.0
2023-11-09 20:07:02,922 [WARN] PackLoader:240 - Cannot read IP mode file for ITTIA_DB.I-CUBE-ITTIADB.8.8.0
2023-11-09 20:07:02,941 [WARN] ConditionMgr:438 - getConditionDescription Invalid condition id : UX DEVICE CLASS RTOS Condition cause : null
2023-11-09 20:07:02,942 [WARN] ConditionMgr:438 - getConditionDescription Invalid condition id : UX DEVICE CLASS RTOS Condition cause : null
2023-11-09 20:07:02,945 [WARN] PackLoader:240 - Cannot read IP mode file for STMicroelectronics.X-CUBE-AZRTOS-H7.3.1.0
2023-11-09 20:07:02,946 [WARN] ConditionMgr:1039 - genDependencies : Invalid condition id : UX DEVICE CLASS RTOS Condition cause : null
2023-11-09 20:07:02,946 [WARN] ConditionMgr:1039 - genDependencies : Invalid condition id : UX DEVICE CLASS RTOS Condition cause : null
2023-11-09 20:07:02,947 [WARN] ConditionMgr:1039 - genDependencies : Invalid condition id : UX DEVICE CLASS RTOS Condition cause : null
2023-11-09 20:07:02,947 [WARN] ConditionMgr:1039 - genDependencies : Invalid condition id : UX DEVICE CLASS RTOS Condition cause : null
2023-11-09 20:07:02,947 [WARN] ConditionMgr:1039 - genDependencies : Invalid condition id : UX DEVICE CLASS RTOS Condition cause : null
2023-11-09 20:07:02,951 [WARN] PackLoader:240 - Cannot read IP mode file for wolfSSL.I-CUBE-wolfSSL.5.5.4
2023-11-09 20:07:02,954 [WARN] PackLoader:240 - Cannot read IP mode file for STMicroelectronics.X-CUBE-NFC7.1.0.1
2023-11-09 20:07:02,959 [WARN] PackLoader:240 - Cannot read IP mode file for STMicroelectronics.X-CUBE-NFC6.3.0.0
2023-11-09 20:07:02,963 [WARN] PackLoader:240 - Cannot read IP mode file for STMicroelectronics.X-CUBE-AI.8.1.0
2023-11-09 20:07:02,978 [WARN] ConditionMgr:438 - getConditionDescription Invalid condition id : LAN8742 Phy interface Condition cause : null
2023-11-09 20:07:02,978 [WARN] PackLoader:240 - Cannot read IP mode file for STMicroelectronics.X-CUBE-AZRTOS-L4.2.0.0
2023-11-09 20:07:02,980 [WARN] ConditionMgr:1039 - genDependencies : Invalid condition id : LAN8742 Phy interface Condition cause : null
2023-11-09 20:07:02,980 [WARN] ConditionMgr:1039 - genDependencies : Invalid condition id : LAN8742 Phy interface Condition cause : null
2023-11-09 20:07:02,980 [WARN] ConditionMgr:1039 - genDependencies : Invalid condition id : LAN8742 Phy interface Condition cause : null
2023-11-09 20:07:02,986 [WARN] PackLoader:240 - Cannot read IP mode file for STMicroelectronics.X-CUBE-SFXS2LP1.4.0.0
2023-11-09 20:07:02,989 [WARN] PackLoader:240 - Cannot read IP mode file for STMicroelectronics.X-CUBE-ISPU.1.1.0
2023-11-09 20:07:03,000 [WARN] ConditionMgr:438 - getConditionDescription Invalid condition id : UX DEVICE CLASS RTOS Condition cause : null
2023-11-09 20:07:03,001 [WARN] ConditionMgr:438 - getConditionDescription Invalid condition id : UX DEVICE CLASS RTOS Condition cause : null
2023-11-09 20:07:03,003 [WARN] PackLoader:240 - Cannot read IP mode file for STMicroelectronics.X-CUBE-AZRTOS-WB.2.0.0
2023-11-09 20:07:03,004 [WARN] ConditionMgr:1039 - genDependencies : Invalid condition id : UX DEVICE CLASS RTOS Condition cause : null
2023-11-09 20:07:03,004 [WARN] ConditionMgr:1039 - genDependencies : Invalid condition id : UX DEVICE CLASS RTOS Condition cause : null
2023-11-09 20:07:03,005 [WARN] ConditionMgr:1039 - genDependencies : Invalid condition id : UX DEVICE CLASS RTOS Condition cause : null
2023-11-09 20:07:03,005 [WARN] ConditionMgr:1039 - genDependencies : Invalid condition id : UX DEVICE CLASS RTOS Condition cause : null
2023-11-09 20:07:03,005 [WARN] ConditionMgr:1039 - genDependencies : Invalid condition id : UX DEVICE CLASS RTOS Condition cause : null
2023-11-09 20:07:03,014 [WARN] PackLoader:240 - Cannot read IP mode file for STMicroelectronics.X-CUBE-SUBG2.5.0.0
2023-11-09 20:07:03,030 [WARN] PackLoader:240 - Cannot read IP mode file for STMicroelectronics.X-CUBE-TOF1.3.3.1
2023-11-09 20:07:03,049 [WARN] PackLoader:240 - Cannot read IP mode file for STMicroelectronics.X-CUBE-AZRTOS-G4.2.0.0
2023-11-09 20:07:03,058 [WARN] PackLoader:240 - Cannot read IP mode file for Infineon.AIROC-Wi-Fi-Bluetooth-STM32.1.5.1
2023-11-09 20:07:03,062 [WARN] PackLoader:240 - Cannot read IP mode file for STMicroelectronics.FP-SNS-MOTENVWB1.1.3.0
2023-11-09 20:07:03,090 [WARN] PackLoader:240 - Cannot read IP mode file for STMicroelectronics.X-CUBE-MEMS1.10.0.0
2023-11-09 20:07:03,223 [WARN] PackLoader:240 - Cannot read IP mode file for STMicroelectronics.X-CUBE-FREERTOS.1.1.0
2023-11-09 20:07:03,225 [WARN] PackLoader:240 - Cannot read IP mode file for portGmbH.I-Cube-SoM-uGOAL.1.1.0
2023-11-09 20:07:03,227 [WARN] PackLoader:240 - Cannot read IP mode file for STMicroelectronics.X-CUBE-ALS.1.0.1
2023-11-09 20:07:03,229 [WARN] PackLoader:240 - Cannot read IP mode file for STMicroelectronics.FP-ATR-ASTRA1.2.0.0
2023-11-09 20:07:03,230 [INFO] ThirdParty:978 - Integrity check success = true
2023-11-09 20:07:03,230 [INFO] IntegrityCheckThread:100 - exiting critical section [integrity check]
2023-11-09 20:07:03,230 [INFO] IntegrityCheckThread:103 - End integrity checks thread
2023-11-09 20:07:21,615 [ERROR] LogOutputStream:75 - [STDERR_REDIRECT] SLF4J: Failed to load class "org.slf4j.impl.StaticLoggerBinder".
2023-11-09 20:07:21,616 [ERROR] LogOutputStream:75 - [STDERR_REDIRECT] SLF4J: Defaulting to no-operation (NOP) logger implementation
2023-11-09 20:07:21,616 [ERROR] LogOutputStream:75 - [STDERR_REDIRECT] SLF4J: See http://www.slf4j.org/codes.html#StaticLoggerBinder for further details.
2023-11-09 20:08:49,856 [ERROR] LogOutputStream:75 - [STDERR_REDIRECT] 
